{"level":"info","message":"Student Registeredundefined","timestamp":"2017-02-18T12:22:16.562Z"}
{"level":"info","message":"Student Registeredundefined","timestamp":"2017-02-18T12:23:52.664Z"}
{"level":"error","message":"Error in Registering Studentundefined","timestamp":"2017-02-18T12:23:52.667Z"}
{"level":"info","message":"Student Registeredundefined","timestamp":"2017-02-18T12:24:02.875Z"}
{"level":"info","message":"Student Registeredundefined","timestamp":"2017-02-18T12:43:45.563Z"}
{"level":"error","message":"Error in Registering Studentundefined","timestamp":"2017-02-18T12:43:45.564Z"}
{"level":"info","message":"Student Registeredundefined","timestamp":"2017-02-18T12:44:34.936Z"}
{"level":"info","message":"Student Registeredundefined","timestamp":"2017-02-18T12:47:33.029Z"}
{"level":"info","message":"Student Registeredundefined","timestamp":"2017-02-18T12:48:29.623Z"}
{"level":"info","message":"Student Registeredundefined","timestamp":"2017-02-18T12:51:19.262Z"}
{"level":"info","message":"Student Registeredundefined","timestamp":"2017-02-18T12:52:47.206Z"}
{"level":"error","message":"Error in Registering Studentundefined","timestamp":"2017-02-18T12:52:47.207Z"}
{"level":"info","message":"Student Registeredundefined","timestamp":"2017-02-18T12:52:56.546Z"}
{"level":"info","message":"Student Registeredundefined","timestamp":"2017-02-18T12:53:12.085Z"}
{"level":"info","message":"Student Registeredundefined","timestamp":"2017-02-18T12:54:23.605Z"}
{"level":"info","message":"Student Registeredundefined","timestamp":"2017-02-18T12:56:52.856Z"}
{"level":"info","message":"Student Registeredvc4B112","timestamp":"2017-02-18T13:06:49.733Z"}
{"level":"info","message":"Created directory for Student vc4B112","timestamp":"2017-02-18T13:23:39.418Z"}
{"level":"info","message":"Student Registeredvc4B112","timestamp":"2017-02-18T13:23:39.423Z"}
{"level":"info","message":"Created directory for Student vc4B112","timestamp":"2017-02-19T02:30:37.476Z"}
{"level":"info","message":"Student Registeredvc4B112","timestamp":"2017-02-19T02:30:37.500Z"}
{"level":"error","message":"Error in authenticating Studentvc4B112","timestamp":"2017-02-25T06:52:12.369Z"}
{"level":"error","message":"Error in authenticating Studentvc4B112","timestamp":"2017-02-25T06:53:11.420Z"}
{"level":"error","message":"Error in authenticating Studentvc4B112","timestamp":"2017-02-25T06:53:36.854Z"}
{"level":"error","message":"Error in authenticating Studentvc4B112","timestamp":"2017-02-25T06:55:22.056Z"}
{"level":"error","message":"Error in authenticating Studentvc4B112","timestamp":"2017-02-25T06:56:26.462Z"}
{"level":"error","message":"Error in authenticating Studentvc4B112","timestamp":"2017-02-25T06:57:56.894Z"}
{"level":"error","message":"Error in authenticating Studentvc4B112","timestamp":"2017-02-25T06:58:40.509Z"}
{"level":"info","message":"Created directory for Student vc4B112","timestamp":"2017-02-25T10:59:52.986Z"}
{"level":"info","message":"Created directory for Student vc4B112","timestamp":"2017-02-25T11:01:27.911Z"}
{"level":"info","message":"Student Registeredvc4B112","timestamp":"2017-02-25T11:01:28.480Z"}
{"level":"info","message":"Created directory for Student vc4B112","timestamp":"2017-02-25T11:10:00.595Z"}
{"level":"info","message":"Student Registered vc4B112","timestamp":"2017-02-25T11:10:00.622Z"}
